INFO == Matrix A: <Matrix.Matrix; proxy of <Swig Object of type 'Matrix *' at 0x10488bb70> > Created ==  <module> == 15
INFO == Matrix A: <Matrix.Matrix; proxy of <Swig Object of type 'Matrix *' at 0x10247fb70> > Created ==  <module> == 15
INFO == Matrix A: <Matrix.Matrix; proxy of <Swig Object of type 'Matrix *' at 0x104930360> > Created
 ==  <module> == 16
INFO == Matrix A: <Matrix.Matrix; proxy of <Swig Object of type 'Matrix *' at 0x104d64360> > Created
 ==  <module> == 16
INFO == Matrix A: <Matrix.Matrix; proxy of <Swig Object of type 'Matrix *' at 0x1009876f0> > Created ==  <module> == 15
INFO == Matrix A: <Matrix.Matrix; proxy of <Swig Object of type 'Matrix *' at 0x1009c4750> > Created ==  <module> == 15
INFO == Matrix A: <Matrix.Matrix; proxy of <Swig Object of type 'Matrix *' at 0x10265b6f0> > Created ==  <module> == 15
INFO == Matrix A: <Matrix.Matrix; proxy of <Swig Object of type 'Matrix *' at 0x10045f6f0> > Created ==  <module> == 15
INFO == Matrix A: <Matrix.Matrix; proxy of <Swig Object of type 'Matrix *' at 0x1022ec750> > Created ==  <module> == 15
INFO == Matrix A: <Matrix.Matrix; proxy of <Swig Object of type 'Matrix *' at 0x10326cba0> > Created ==  <module> == 21
INFO == Matrix A: <Matrix.Matrix; proxy of <Swig Object of type 'Matrix *' at 0x1054f40c0> > Created ==  <module> == 21
INFO == Matrix A: <Matrix.Matrix; proxy of <Swig Object of type 'Matrix *' at 0x101788a50> > Created ==  <module> == 22
ERROR == An error occurred ==  <module> == 35
Traceback (most recent call last):
  File "/Users/jonathan/Library/Mobile Documents/com~apple~CloudDocs/iUTG/Projects/DevOps/Linear-Alg-Lib/Matrix/UnitFunTest.py", line 27, in <module>
    Matrix.initMatrix(A, c_values.ctypes.data_as(ctypes.POINTER(ctypes.c_double)))
  File "/Users/jonathan/Library/Mobile Documents/com~apple~CloudDocs/iUTG/Projects/DevOps/Linear-Alg-Lib/Matrix/Matrix.py", line 79, in initMatrix
    return _Matrix.initMatrix(arg1, arg2)
           ^^^^^^^^^^^^^^^^^^^^^^^^^^^^^^
TypeError: in method 'initMatrix', argument 2 of type 'double *'
INFO == Matrix A: <Matrix.Matrix; proxy of <Swig Object of type 'Matrix *' at 0x102c44a50> > Created ==  <module> == 22
ERROR == An error occurred ==  <module> == 35
Traceback (most recent call last):
  File "/Users/jonathan/Library/Mobile Documents/com~apple~CloudDocs/iUTG/Projects/DevOps/Linear-Alg-Lib/Matrix/UnitFunTest.py", line 27, in <module>
    Matrix.initMatrix(A, c_values.ctypes.data_as(ctypes.POINTER(ctypes.c_double)))
  File "/Users/jonathan/Library/Mobile Documents/com~apple~CloudDocs/iUTG/Projects/DevOps/Linear-Alg-Lib/Matrix/Matrix.py", line 79, in initMatrix
    return _Matrix.initMatrix(arg1, arg2)
           ^^^^^^^^^^^^^^^^^^^^^^^^^^^^^^
TypeError: in method 'initMatrix', argument 2 of type 'double *'
INFO == Matrix A: <Matrix.Matrix; proxy of <Swig Object of type 'Matrix *' at 0x1035dcc00> > Created ==  <module> == 22
INFO == c_values: [-2.  1. -1.  1.] ==  <module> == 27
INFO == c_values.ctypes: <numpy._core._internal._ctypes object at 0x102ddbd40> ==  <module> == 28
INFO == c_values.ctypes.data_as(ctypes.POINTER(ctypes.c_double)): <__main__.LP_c_double object at 0x1035d07d0> ==  <module> == 29
ERROR == An error occurred ==  <module> == 39
Traceback (most recent call last):
  File "/Users/jonathan/Library/Mobile Documents/com~apple~CloudDocs/iUTG/Projects/DevOps/Linear-Alg-Lib/Matrix/UnitFunTest.py", line 31, in <module>
    Matrix.initMatrix(A, c_values.ctypes.data_as(ctypes.POINTER(ctypes.c_double)))
  File "/Users/jonathan/Library/Mobile Documents/com~apple~CloudDocs/iUTG/Projects/DevOps/Linear-Alg-Lib/Matrix/Matrix.py", line 79, in initMatrix
    return _Matrix.initMatrix(arg1, arg2)
           ^^^^^^^^^^^^^^^^^^^^^^^^^^^^^^
TypeError: in method 'initMatrix', argument 2 of type 'double *'
INFO == Matrix A: <__main__.Matrix object at 0x102db0f50> Created ==  <module> == 34
INFO == Matrix A: <__main__.Matrix object at 0x102db1050> Initialized ==  <module> == 39
INFO == Matrix A: <__main__.Matrix object at 0x103500f50> Created ==  <module> == 34
INFO == Matrix A: <__main__.Matrix object at 0x103501050> Initialized ==  <module> == 39
INFO == Matrix A: <__main__.Matrix object at 0x102e30fd0> Created ==  <module> == 30
INFO == Matrix A: <__main__.Matrix object at 0x102e310d0> Initialized ==  <module> == 35
INFO == Matrix A: <__main__.Matrix object at 0x101ce4fd0> Created ==  <module> == 30
INFO == Matrix A: <__main__.Matrix object at 0x101ce50d0> Initialized ==  <module> == 35
